okt. 23, 2023 7:19:45 DU. org.hibernate.jpa.internal.util.LogHelper logPersistenceUnitInformation
INFO: HHH000204: Processing PersistenceUnitInfo [name: com.szoftmern.beat]
okt. 23, 2023 7:19:45 DU. org.hibernate.Version logVersion
INFO: HHH000412: Hibernate ORM core version [WORKING]
okt. 23, 2023 7:19:45 DU. org.hibernate.cfg.Environment <clinit>
INFO: HHH000406: Using bytecode reflection optimizer
okt. 23, 2023 7:19:45 DU. org.hibernate.jpa.boot.internal.EntityManagerFactoryBuilderImpl lambda$normalizeConnectionAccessUserAndPass$6
WARN: HHH90000021: Encountered deprecated setting [javax.persistence.jdbc.user], use [jakarta.persistence.jdbc.user] instead
okt. 23, 2023 7:19:45 DU. org.hibernate.jpa.boot.internal.EntityManagerFactoryBuilderImpl lambda$normalizeConnectionAccessUserAndPass$12
WARN: HHH90000021: Encountered deprecated setting [javax.persistence.jdbc.password], use [jakarta.persistence.jdbc.password] instead
okt. 23, 2023 7:19:45 DU. org.hibernate.jpa.boot.internal.EntityManagerFactoryBuilderImpl normalizeDataAccess
WARN: HHH90000021: Encountered deprecated setting [javax.persistence.jdbc.url], use [jakarta.persistence.jdbc.url] instead
okt. 23, 2023 7:19:45 DU. org.hibernate.jpa.boot.internal.EntityManagerFactoryBuilderImpl normalizeDataAccess
WARN: HHH90000021: Encountered deprecated setting [javax.persistence.jdbc.driver], use [jakarta.persistence.jdbc.driver] instead
okt. 23, 2023 7:19:45 DU. org.hibernate.engine.jdbc.connections.internal.DriverManagerConnectionProviderImpl configure
WARN: HHH10001002: Using built-in connection pool (not intended for production use)
okt. 23, 2023 7:19:45 DU. org.hibernate.engine.jdbc.connections.internal.DriverManagerConnectionProviderImpl buildCreator
INFO: HHH10001005: Loaded JDBC driver class: org.mariadb.jdbc.Driver
okt. 23, 2023 7:19:45 DU. org.hibernate.engine.jdbc.connections.internal.DriverManagerConnectionProviderImpl buildCreator
INFO: HHH10001012: Connecting with JDBC URL [jdbc:mariadb://beat-db.cunlipdvpspb.eu-north-1.rds.amazonaws.com:3306/beat-db]
okt. 23, 2023 7:19:45 DU. org.hibernate.engine.jdbc.connections.internal.DriverManagerConnectionProviderImpl buildCreator
INFO: HHH10001001: Connection properties: {password=****, user=beatdev_admin}
okt. 23, 2023 7:19:45 DU. org.hibernate.engine.jdbc.connections.internal.DriverManagerConnectionProviderImpl buildCreator
INFO: HHH10001003: Autocommit mode: false
okt. 23, 2023 7:19:45 DU. org.hibernate.engine.jdbc.connections.internal.DriverManagerConnectionProviderImpl$PooledConnections <init>
INFO: HHH10001115: Connection pool size: 20 (min=1)
okt. 23, 2023 7:19:46 DU. org.hibernate.bytecode.internal.BytecodeProviderInitiator buildBytecodeProvider
INFO: HHH000021: Bytecode provider name : bytebuddy
okt. 23, 2023 7:19:47 DU. org.hibernate.engine.transaction.jta.platform.internal.JtaPlatformInitiator initiateService
INFO: HHH000490: Using JtaPlatform implementation: [org.hibernate.engine.transaction.jta.platform.internal.NoJtaPlatform]
okt. 23, 2023 7:19:47 DU. org.hibernate.jpa.internal.util.LogHelper logPersistenceUnitInformation
INFO: HHH000204: Processing PersistenceUnitInfo [name: com.szoftmern.beat]
okt. 23, 2023 7:19:47 DU. org.hibernate.jpa.boot.internal.EntityManagerFactoryBuilderImpl lambda$normalizeConnectionAccessUserAndPass$6
WARN: HHH90000021: Encountered deprecated setting [javax.persistence.jdbc.user], use [jakarta.persistence.jdbc.user] instead
okt. 23, 2023 7:19:47 DU. org.hibernate.jpa.boot.internal.EntityManagerFactoryBuilderImpl lambda$normalizeConnectionAccessUserAndPass$12
WARN: HHH90000021: Encountered deprecated setting [javax.persistence.jdbc.password], use [jakarta.persistence.jdbc.password] instead
okt. 23, 2023 7:19:47 DU. org.hibernate.jpa.boot.internal.EntityManagerFactoryBuilderImpl normalizeDataAccess
WARN: HHH90000021: Encountered deprecated setting [javax.persistence.jdbc.url], use [jakarta.persistence.jdbc.url] instead
okt. 23, 2023 7:19:47 DU. org.hibernate.jpa.boot.internal.EntityManagerFactoryBuilderImpl normalizeDataAccess
WARN: HHH90000021: Encountered deprecated setting [javax.persistence.jdbc.driver], use [jakarta.persistence.jdbc.driver] instead
okt. 23, 2023 7:19:47 DU. org.hibernate.engine.jdbc.connections.internal.DriverManagerConnectionProviderImpl configure
WARN: HHH10001002: Using built-in connection pool (not intended for production use)
okt. 23, 2023 7:19:47 DU. org.hibernate.engine.jdbc.connections.internal.DriverManagerConnectionProviderImpl buildCreator
INFO: HHH10001005: Loaded JDBC driver class: org.mariadb.jdbc.Driver
okt. 23, 2023 7:19:47 DU. org.hibernate.engine.jdbc.connections.internal.DriverManagerConnectionProviderImpl buildCreator
INFO: HHH10001012: Connecting with JDBC URL [jdbc:mariadb://beat-db.cunlipdvpspb.eu-north-1.rds.amazonaws.com:3306/beat-db]
okt. 23, 2023 7:19:47 DU. org.hibernate.engine.jdbc.connections.internal.DriverManagerConnectionProviderImpl buildCreator
INFO: HHH10001001: Connection properties: {password=****, user=beatdev_admin}
okt. 23, 2023 7:19:47 DU. org.hibernate.engine.jdbc.connections.internal.DriverManagerConnectionProviderImpl buildCreator
INFO: HHH10001003: Autocommit mode: false
okt. 23, 2023 7:19:47 DU. org.hibernate.engine.jdbc.connections.internal.DriverManagerConnectionProviderImpl$PooledConnections <init>
INFO: HHH10001115: Connection pool size: 20 (min=1)
okt. 23, 2023 7:19:48 DU. org.hibernate.bytecode.internal.BytecodeProviderInitiator buildBytecodeProvider
INFO: HHH000021: Bytecode provider name : bytebuddy
okt. 23, 2023 7:19:48 DU. org.hibernate.engine.transaction.jta.platform.internal.JtaPlatformInitiator initiateService
INFO: HHH000490: Using JtaPlatform implementation: [org.hibernate.engine.transaction.jta.platform.internal.NoJtaPlatform]
okt. 23, 2023 7:19:48 DU. javafx.fxml.FXMLLoader$ValueElement processValue
WARNING: Loading FXML document with JavaFX API of version 20.0.1 by JavaFX runtime of version 19.0.2
okt. 23, 2023 7:19:53 DU. org.hibernate.engine.jdbc.connections.internal.DriverManagerConnectionProviderImpl$PoolState stop
INFO: HHH10001008: Cleaning up connection pool [jdbc:mariadb://beat-db.cunlipdvpspb.eu-north-1.rds.amazonaws.com:3306/beat-db]
okt. 23, 2023 7:19:53 DU. org.hibernate.engine.jdbc.connections.internal.DriverManagerConnectionProviderImpl$PoolState stop
INFO: HHH10001008: Cleaning up connection pool [jdbc:mariadb://beat-db.cunlipdvpspb.eu-north-1.rds.amazonaws.com:3306/beat-db]
